<?xml version="1.0" encoding="UTF-8"?>
<!-- Generated by org.testng.reporters.JUnitXMLReporter -->
<testsuite hostname="Dan-pc" name="A Practice for Selenium Deployment" tests="1" failures="1" timestamp="20 May 2015 08:09:02 GMT" time="23.333" errors="0">
  <testcase name="case1" time="8.93" classname="com.osl.automation.testcase.osl.Case1">
    <failure type="java.lang.AssertionError" message="expected [true] but found [false]">
      <![CDATA[java.lang.AssertionError: expected [true] but found [false]
	at com.osl.automation.testcase.osl.Case1.case1(Case1.java:45)
... Removed 29 stack frames]]>
    </failure>
  </testcase> <!-- case1 -->
</testsuite> <!-- A Practice for Selenium Deployment -->
